<?xml version="1.0" encoding="UTF-8"?>
<testsuite xmlns:xsi="http://www.w3.org/2001/XMLSchema-instance" xsi:noNamespaceSchemaLocation="https://maven.apache.org/surefire/maven-surefire-plugin/xsd/surefire-test-report-3.0.xsd" version="3.0" name="aed.BestEffortTests" time="0.537" tests="8" errors="0" skipped="0" failures="0">
  <properties>
[...]
</properties>
  <testcase name="agregar_traslados" classname="aed.BestEffortTests" time="0.306"/>
  <testcase name="despachar_mas_viejo_de_a_varios" classname="aed.BestEffortTests" time="0.006"/>
  <testcase name="mayor_superavit" classname="aed.BestEffortTests" time="0.016"/>
  <testcase name="promedio_por_traslado" classname="aed.BestEffortTests" time="0.008"/>
  <testcase name="despachar_con_mas_ganancia_de_a_uno" classname="aed.BestEffortTests" time="0.009"/>
  <testcase name="despachar_mixtos" classname="aed.BestEffortTests" time="0.004"/>
  <testcase name="despachar_mas_viejo_de_a_uno" classname="aed.BestEffortTests" time="0.004"/>
  <testcase name="despachar_con_mas_ganancia_de_a_varios" classname="aed.BestEffortTests" time="0.004"/>
</testsuite>